FoodOrderApp/app/build/intermediates/manifest_merge_blame_file/debug/processDebugMainManifest/manifest-merger-blame-debug-report.txt
1<?xml version="1.0" encoding="utf-8"?>
2<manifest xmlns:android="http://schemas.android.com/apk/res/android"
3    package="com.example.foodorderapp"
4    android:versionCode="1"
5    android:versionName="1.0" >
6
7    <uses-sdk
8        android:minSdkVersion="24"
9        android:targetSdkVersion="34" />
10
11    <uses-permission android:name="android.permission.INTERNET" />
11-->src\main\AndroidManifest.xml:6:5-67
11-->src\main\AndroidManifest.xml:6:22-64
12
13    <!-- Although the *SdkVersion is captured in gradle build files, this is required for non gradle builds -->
14    <!-- <uses-sdk android:minSdkVersion="21"/> -->
15    <uses-permission android:name="android.permission.ACCESS_NETWORK_STATE" />
15-->[com.google.firebase:firebase-database:21.0.0] AndroidManifest.xml:22:5-79
15-->[com.google.firebase:firebase-database:21.0.0] AndroidManifest.xml:22:22-76
16
17    <queries>
17-->[com.razorpay:checkout:1.6.19] AndroidManifest.xml:11:5-37:15
18        <intent>
18-->[com.razorpay:checkout:1.6.19] AndroidManifest.xml:12:9-18:18
19            <action android:name="android.intent.action.VIEW" />
19-->[com.google.firebase:firebase-auth:23.1.0] AndroidManifest.xml:36:17-69
19-->[com.google.firebase:firebase-auth:23.1.0] AndroidManifest.xml:36:25-66
20
21            <data
21-->[com.google.firebase:firebase-auth:23.1.0] AndroidManifest.xml:41:17-44:51
22                android:mimeType="*/*"
23                android:scheme="*" />
23-->[com.google.firebase:firebase-auth:23.1.0] AndroidManifest.xml:44:21-48
24        </intent>
25        <intent>
25-->[com.razorpay:checkout:1.6.19] AndroidManifest.xml:19:9-28:18
26            <action android:name="android.intent.action.VIEW" />
26-->[com.google.firebase:firebase-auth:23.1.0] AndroidManifest.xml:36:17-69
26-->[com.google.firebase:firebase-auth:23.1.0] AndroidManifest.xml:36:25-66
27
28            <category android:name="android.intent.category.BROWSABLE" />
28-->[com.google.firebase:firebase-auth:23.1.0] AndroidManifest.xml:39:17-78
28-->[com.google.firebase:firebase-auth:23.1.0] AndroidManifest.xml:39:27-75
29
30            <data
30-->[com.google.firebase:firebase-auth:23.1.0] AndroidManifest.xml:41:17-44:51
31                android:host="pay"
31-->[com.google.firebase:firebase-auth:23.1.0] AndroidManifest.xml:42:21-49
32                android:mimeType="*/*"
33                android:scheme="upi" />
33-->[com.google.firebase:firebase-auth:23.1.0] AndroidManifest.xml:44:21-48
34        </intent>
35        <intent>
35-->[com.razorpay:checkout:1.6.19] AndroidManifest.xml:29:9-31:18
36            <action android:name="android.intent.action.MAIN" />
36-->src\main\AndroidManifest.xml:48:17-69
36-->src\main\AndroidManifest.xml:48:25-66
37        </intent>
38        <intent>
38-->[com.razorpay:checkout:1.6.19] AndroidManifest.xml:32:9-36:18
39            <action android:name="android.intent.action.SEND" />
39-->[com.razorpay:checkout:1.6.19] AndroidManifest.xml:33:13-65
39-->[com.razorpay:checkout:1.6.19] AndroidManifest.xml:33:21-62
40
41            <data android:mimeType="*/*" />
41-->[com.google.firebase:firebase-auth:23.1.0] AndroidManifest.xml:41:17-44:51
42        </intent>
43    </queries>
44
45    <uses-permission android:name="android.permission.WAKE_LOCK" />
45-->[com.google.android.gms:play-services-measurement-api:22.1.2] AndroidManifest.xml:24:5-68
45-->[com.google.android.gms:play-services-measurement-api:22.1.2] AndroidManifest.xml:24:22-65
46    <uses-permission android:name="com.google.android.gms.permission.AD_ID" />
46-->[com.google.android.gms:play-services-measurement-api:22.1.2] AndroidManifest.xml:25:5-79
46-->[com.google.android.gms:play-services-measurement-api:22.1.2] AndroidManifest.xml:25:22-76
47    <uses-permission android:name="android.permission.ACCESS_ADSERVICES_ATTRIBUTION" />
47-->[com.google.android.gms:play-services-measurement-api:22.1.2] AndroidManifest.xml:26:5-88
47-->[com.google.android.gms:play-services-measurement-api:22.1.2] AndroidManifest.xml:26:22-85
48    <uses-permission android:name="android.permission.ACCESS_ADSERVICES_AD_ID" />
48-->[com.google.android.gms:play-services-measurement-api:22.1.2] AndroidManifest.xml:27:5-82
48-->[com.google.android.gms:play-services-measurement-api:22.1.2] AndroidManifest.xml:27:22-79
49    <uses-permission android:name="com.google.android.providers.gsf.permission.READ_GSERVICES" />
49-->[com.google.android.recaptcha:recaptcha:18.5.1] AndroidManifest.xml:9:5-98
49-->[com.google.android.recaptcha:recaptcha:18.5.1] AndroidManifest.xml:9:22-95
50    <uses-permission android:name="com.google.android.finsky.permission.BIND_GET_INSTALL_REFERRER_SERVICE" />
50-->[com.google.android.gms:play-services-measurement:22.1.2] AndroidManifest.xml:26:5-110
50-->[com.google.android.gms:play-services-measurement:22.1.2] AndroidManifest.xml:26:22-107
51
52    <uses-feature
52-->[com.google.android.gms:play-services-maps:17.0.0] AndroidManifest.xml:26:5-28:35
53        android:glEsVersion="0x00020000"
53-->[com.google.android.gms:play-services-maps:17.0.0] AndroidManifest.xml:27:9-41
54        android:required="true" />
54-->[com.google.android.gms:play-services-maps:17.0.0] AndroidManifest.xml:28:9-32
55
56    <permission
56-->[androidx.core:core:1.13.0] AndroidManifest.xml:22:5-24:47
57        android:name="com.example.foodorderapp.DYNAMIC_RECEIVER_NOT_EXPORTED_PERMISSION"
57-->[androidx.core:core:1.13.0] AndroidManifest.xml:23:9-81
58        android:protectionLevel="signature" />
58-->[androidx.core:core:1.13.0] AndroidManifest.xml:24:9-44
59
60    <uses-permission android:name="com.example.foodorderapp.DYNAMIC_RECEIVER_NOT_EXPORTED_PERMISSION" />
60-->[androidx.core:core:1.13.0] AndroidManifest.xml:26:5-97
60-->[androidx.core:core:1.13.0] AndroidManifest.xml:26:22-94
61    <uses-permission android:name="android.permission.REORDER_TASKS" />
61-->[androidx.test:core:1.6.1] AndroidManifest.xml:24:5-72
61-->[androidx.test:core:1.6.1] AndroidManifest.xml:24:22-69
62
63    <application
63-->src\main\AndroidManifest.xml:8:5-53:19
64        android:allowBackup="true"
64-->src\main\AndroidManifest.xml:9:9-35
65        android:appComponentFactory="androidx.core.app.CoreComponentFactory"
65-->[androidx.core:core:1.13.0] AndroidManifest.xml:28:18-86
66        android:dataExtractionRules="@xml/data_extraction_rules"
66-->src\main\AndroidManifest.xml:10:9-65
67        android:debuggable="true"
68        android:extractNativeLibs="false"
69        android:fullBackupContent="@xml/backup_rules"
69-->src\main\AndroidManifest.xml:11:9-54
70        android:icon="@mipmap/ic_launcher"
70-->src\main\AndroidManifest.xml:12:9-43
71        android:label="@string/app_name"
71-->src\main\AndroidManifest.xml:13:9-41
72        android:roundIcon="@mipmap/ic_launcher_round"
72-->src\main\AndroidManifest.xml:14:9-54
73        android:supportsRtl="true"
73-->src\main\AndroidManifest.xml:15:9-35
74        android:testOnly="true"
75        android:theme="@style/Theme.FoodOrderApp" >
75-->src\main\AndroidManifest.xml:16:9-50
76        <activity
76-->src\main\AndroidManifest.xml:18:9-20:40
77            android:name="com.example.foodorderapp.Activity.ProfileActivity"
77-->src\main\AndroidManifest.xml:19:13-53
78            android:exported="false" />
78-->src\main\AndroidManifest.xml:20:13-37
79        <activity
79-->src\main\AndroidManifest.xml:21:9-24:72
80            android:name="com.example.foodorderapp.Activity.RegisterActivity"
80-->src\main\AndroidManifest.xml:22:13-54
81            android:exported="false"
81-->src\main\AndroidManifest.xml:23:13-37
82            android:theme="@style/Theme.Material3.Light.NoActionBar" />
82-->src\main\AndroidManifest.xml:24:13-69
83        <activity
83-->src\main\AndroidManifest.xml:25:9-28:81
84            android:name="com.example.foodorderapp.Activity.LoginActivity"
84-->src\main\AndroidManifest.xml:26:13-51
85            android:exported="true"
85-->src\main\AndroidManifest.xml:27:13-36
86            android:theme="@style/Theme.Material3.Light.NoActionBar" />
86-->src\main\AndroidManifest.xml:28:13-69
87        <activity
87-->src\main\AndroidManifest.xml:29:9-31:40
88            android:name="com.example.foodorderapp.Activity.CartActivity"
88-->src\main\AndroidManifest.xml:30:13-50
89            android:exported="false" />
89-->src\main\AndroidManifest.xml:31:13-37
90        <activity
90-->src\main\AndroidManifest.xml:32:9-34:40
91            android:name="com.example.foodorderapp.Activity.ListFoodActivity"
91-->src\main\AndroidManifest.xml:33:13-54
92            android:exported="false" />
92-->src\main\AndroidManifest.xml:34:13-37
93        <activity
93-->src\main\AndroidManifest.xml:35:9-37:40
94            android:name="com.example.foodorderapp.Activity.DetailActivity"
94-->src\main\AndroidManifest.xml:36:13-52
95            android:exported="false" />
95-->src\main\AndroidManifest.xml:37:13-37
96        <activity
96-->src\main\AndroidManifest.xml:38:9-40:40
97            android:name="com.example.foodorderapp.Activity.BaseActivity"
97-->src\main\AndroidManifest.xml:39:13-50
98            android:exported="false" />
98-->src\main\AndroidManifest.xml:40:13-37
99        <activity
99-->src\main\AndroidManifest.xml:41:9-43:40
100            android:name="com.example.foodorderapp.Activity.MainActivity"
100-->src\main\AndroidManifest.xml:42:13-50
101            android:exported="false" />
101-->src\main\AndroidManifest.xml:43:13-37
102        <activity
102-->src\main\AndroidManifest.xml:44:9-52:20
103            android:name="com.example.foodorderapp.Activity.IntroActivity"
103-->src\main\AndroidManifest.xml:45:13-51
104            android:exported="true" >
104-->src\main\AndroidManifest.xml:46:13-36
105            <intent-filter>
105-->src\main\AndroidManifest.xml:47:13-51:29
106                <action android:name="android.intent.action.MAIN" />
106-->src\main\AndroidManifest.xml:48:17-69
106-->src\main\AndroidManifest.xml:48:25-66
107
108                <category android:name="android.intent.category.LAUNCHER" />
108-->src\main\AndroidManifest.xml:50:17-77
108-->src\main\AndroidManifest.xml:50:27-74
109            </intent-filter>
110        </activity>
111
112        <service
112-->[com.google.firebase:firebase-database:21.0.0] AndroidManifest.xml:26:9-35:19
113            android:name="com.google.firebase.components.ComponentDiscoveryService"
113-->[com.google.firebase:firebase-database:21.0.0] AndroidManifest.xml:27:13-84
114            android:directBootAware="true"
114-->[com.google.firebase:firebase-common:21.0.0] AndroidManifest.xml:32:13-43
115            android:exported="false" >
115-->[com.google.firebase:firebase-database:21.0.0] AndroidManifest.xml:28:13-37
116            <meta-data
116-->[com.google.firebase:firebase-database:21.0.0] AndroidManifest.xml:29:13-31:85
117                android:name="com.google.firebase.components:com.google.firebase.database.FirebaseDatabaseKtxRegistrar"
117-->[com.google.firebase:firebase-database:21.0.0] AndroidManifest.xml:30:17-120
118                android:value="com.google.firebase.components.ComponentRegistrar" />
118-->[com.google.firebase:firebase-database:21.0.0] AndroidManifest.xml:31:17-82
119            <meta-data
119-->[com.google.firebase:firebase-database:21.0.0] AndroidManifest.xml:32:13-34:85
120                android:name="com.google.firebase.components:com.google.firebase.database.DatabaseRegistrar"
120-->[com.google.firebase:firebase-database:21.0.0] AndroidManifest.xml:33:17-109
121                android:value="com.google.firebase.components.ComponentRegistrar" />
121-->[com.google.firebase:firebase-database:21.0.0] AndroidManifest.xml:34:17-82
122            <meta-data
122-->[com.google.firebase:firebase-auth:23.1.0] AndroidManifest.xml:69:13-71:85
123                android:name="com.google.firebase.components:com.google.firebase.auth.FirebaseAuthRegistrar"
123-->[com.google.firebase:firebase-auth:23.1.0] AndroidManifest.xml:70:17-109
124                android:value="com.google.firebase.components.ComponentRegistrar" />
124-->[com.google.firebase:firebase-auth:23.1.0] AndroidManifest.xml:71:17-82
125            <meta-data
125-->[com.google.android.gms:play-services-measurement-api:22.1.2] AndroidManifest.xml:37:13-39:85
126                android:name="com.google.firebase.components:com.google.firebase.analytics.connector.internal.AnalyticsConnectorRegistrar"
126-->[com.google.android.gms:play-services-measurement-api:22.1.2] AndroidManifest.xml:38:17-139
127                android:value="com.google.firebase.components.ComponentRegistrar" />
127-->[com.google.android.gms:play-services-measurement-api:22.1.2] AndroidManifest.xml:39:17-82
128            <meta-data
128-->[com.google.firebase:firebase-installations:18.0.0] AndroidManifest.xml:15:13-17:85
129                android:name="com.google.firebase.components:com.google.firebase.installations.FirebaseInstallationsKtxRegistrar"
129-->[com.google.firebase:firebase-installations:18.0.0] AndroidManifest.xml:16:17-130
130                android:value="com.google.firebase.components.ComponentRegistrar" />
130-->[com.google.firebase:firebase-installations:18.0.0] AndroidManifest.xml:17:17-82
131            <meta-data
131-->[com.google.firebase:firebase-installations:18.0.0] AndroidManifest.xml:18:13-20:85
132                android:name="com.google.firebase.components:com.google.firebase.installations.FirebaseInstallationsRegistrar"
132-->[com.google.firebase:firebase-installations:18.0.0] AndroidManifest.xml:19:17-127
133                android:value="com.google.firebase.components.ComponentRegistrar" />
133-->[com.google.firebase:firebase-installations:18.0.0] AndroidManifest.xml:20:17-82
134            <meta-data
134-->[com.google.firebase:firebase-common-ktx:21.0.0] AndroidManifest.xml:12:13-14:85
135                android:name="com.google.firebase.components:com.google.firebase.ktx.FirebaseCommonLegacyRegistrar"
135-->[com.google.firebase:firebase-common-ktx:21.0.0] AndroidManifest.xml:13:17-116
136                android:value="com.google.firebase.components.ComponentRegistrar" />
136-->[com.google.firebase:firebase-common-ktx:21.0.0] AndroidManifest.xml:14:17-82
137            <meta-data
137-->[com.google.firebase:firebase-common:21.0.0] AndroidManifest.xml:35:13-37:85
138                android:name="com.google.firebase.components:com.google.firebase.FirebaseCommonKtxRegistrar"
138-->[com.google.firebase:firebase-common:21.0.0] AndroidManifest.xml:36:17-109
139                android:value="com.google.firebase.components.ComponentRegistrar" />
139-->[com.google.firebase:firebase-common:21.0.0] AndroidManifest.xml:37:17-82
140        </service>
141
142        <activity
142-->[com.google.firebase:firebase-auth:23.1.0] AndroidManifest.xml:29:9-46:20
143            android:name="com.google.firebase.auth.internal.GenericIdpActivity"
143-->[com.google.firebase:firebase-auth:23.1.0] AndroidManifest.xml:30:13-80
144            android:excludeFromRecents="true"
144-->[com.google.firebase:firebase-auth:23.1.0] AndroidManifest.xml:31:13-46
145            android:exported="true"
145-->[com.google.firebase:firebase-auth:23.1.0] AndroidManifest.xml:32:13-36
146            android:launchMode="singleTask"
146-->[com.google.firebase:firebase-auth:23.1.0] AndroidManifest.xml:33:13-44
147            android:theme="@android:style/Theme.Translucent.NoTitleBar" >
147-->[com.google.firebase:firebase-auth:23.1.0] AndroidManifest.xml:34:13-72
148            <intent-filter>
148-->[com.google.firebase:firebase-auth:23.1.0] AndroidManifest.xml:35:13-45:29
149                <action android:name="android.intent.action.VIEW" />
149-->[com.google.firebase:firebase-auth:23.1.0] AndroidManifest.xml:36:17-69
149-->[com.google.firebase:firebase-auth:23.1.0] AndroidManifest.xml:36:25-66
150
151                <category android:name="android.intent.category.DEFAULT" />
151-->[com.google.firebase:firebase-auth:23.1.0] AndroidManifest.xml:38:17-76
151-->[com.google.firebase:firebase-auth:23.1.0] AndroidManifest.xml:38:27-73
152                <category android:name="android.intent.category.BROWSABLE" />
152-->[com.google.firebase:firebase-auth:23.1.0] AndroidManifest.xml:39:17-78
152-->[com.google.firebase:firebase-auth:23.1.0] AndroidManifest.xml:39:27-75
153
154                <data
154-->[com.google.firebase:firebase-auth:23.1.0] AndroidManifest.xml:41:17-44:51
155                    android:host="firebase.auth"
155-->[com.google.firebase:firebase-auth:23.1.0] AndroidManifest.xml:42:21-49
156                    android:path="/"
156-->[com.google.firebase:firebase-auth:23.1.0] AndroidManifest.xml:43:21-37
157                    android:scheme="genericidp" />
157-->[com.google.firebase:firebase-auth:23.1.0] AndroidManifest.xml:44:21-48
158            </intent-filter>
159        </activity>
160        <activity
160-->[com.google.firebase:firebase-auth:23.1.0] AndroidManifest.xml:47:9-64:20
161            android:name="com.google.firebase.auth.internal.RecaptchaActivity"
161-->[com.google.firebase:firebase-auth:23.1.0] AndroidManifest.xml:48:13-79
162            android:excludeFromRecents="true"
162-->[com.google.firebase:firebase-auth:23.1.0] AndroidManifest.xml:49:13-46
163            android:exported="true"
163-->[com.google.firebase:firebase-auth:23.1.0] AndroidManifest.xml:50:13-36
164            android:launchMode="singleTask"
164-->[com.google.firebase:firebase-auth:23.1.0] AndroidManifest.xml:51:13-44
165            android:theme="@android:style/Theme.Translucent.NoTitleBar" >
165-->[com.google.firebase:firebase-auth:23.1.0] AndroidManifest.xml:52:13-72
166            <intent-filter>
166-->[com.google.firebase:firebase-auth:23.1.0] AndroidManifest.xml:53:13-63:29
167                <action android:name="android.intent.action.VIEW" />
167-->[com.google.firebase:firebase-auth:23.1.0] AndroidManifest.xml:36:17-69
167-->[com.google.firebase:firebase-auth:23.1.0] AndroidManifest.xml:36:25-66
168
169                <category android:name="android.intent.category.DEFAULT" />
169-->[com.google.firebase:firebase-auth:23.1.0] AndroidManifest.xml:38:17-76
169-->[com.google.firebase:firebase-auth:23.1.0] AndroidManifest.xml:38:27-73
170                <category android:name="android.intent.category.BROWSABLE" />
170-->[com.google.firebase:firebase-auth:23.1.0] AndroidManifest.xml:39:17-78
170-->[com.google.firebase:firebase-auth:23.1.0] AndroidManifest.xml:39:27-75
171
172                <data
172-->[com.google.firebase:firebase-auth:23.1.0] AndroidManifest.xml:41:17-44:51
173                    android:host="firebase.auth"
173-->[com.google.firebase:firebase-auth:23.1.0] AndroidManifest.xml:42:21-49
174                    android:path="/"
174-->[com.google.firebase:firebase-auth:23.1.0] AndroidManifest.xml:43:21-37
175                    android:scheme="recaptcha" />
175-->[com.google.firebase:firebase-auth:23.1.0] AndroidManifest.xml:44:21-48
176            </intent-filter>
177        </activity>
178
179        <receiver
179-->[com.razorpay:checkout:1.6.19] AndroidManifest.xml:40:9-46:20
180            android:name="com.razorpay.RzpTokenReceiver"
180-->[com.razorpay:checkout:1.6.19] AndroidManifest.xml:41:13-57
181            android:exported="false" >
181-->[com.razorpay:checkout:1.6.19] AndroidManifest.xml:42:13-37
182            <intent-filter>
182-->[com.razorpay:checkout:1.6.19] AndroidManifest.xml:43:13-45:29
183                <action android:name="rzp.device_token.share" />
183-->[com.razorpay:checkout:1.6.19] AndroidManifest.xml:44:17-65
183-->[com.razorpay:checkout:1.6.19] AndroidManifest.xml:44:25-62
184            </intent-filter>
185        </receiver>
186
187        <activity
187-->[com.razorpay:checkout:1.6.19] AndroidManifest.xml:48:9-60:20
188            android:name="com.razorpay.CheckoutActivity"
188-->[com.razorpay:checkout:1.6.19] AndroidManifest.xml:49:13-57
189            android:configChanges="keyboard|keyboardHidden|orientation|screenSize"
189-->[com.razorpay:checkout:1.6.19] AndroidManifest.xml:50:13-83
190            android:exported="true"
190-->[com.razorpay:checkout:1.6.19] AndroidManifest.xml:51:13-36
191            android:theme="@style/CheckoutTheme" >
191-->[com.razorpay:checkout:1.6.19] AndroidManifest.xml:52:13-49
192            <intent-filter>
192-->[com.razorpay:checkout:1.6.19] AndroidManifest.xml:53:13-59:29
193                <action android:name="android.intent.action.MAIN" />
193-->src\main\AndroidManifest.xml:48:17-69
193-->src\main\AndroidManifest.xml:48:25-66
194
195                <data
195-->[com.google.firebase:firebase-auth:23.1.0] AndroidManifest.xml:41:17-44:51
196                    android:host="rzp.io"
196-->[com.google.firebase:firebase-auth:23.1.0] AndroidManifest.xml:42:21-49
197                    android:scheme="io.rzp" />
197-->[com.google.firebase:firebase-auth:23.1.0] AndroidManifest.xml:44:21-48
198            </intent-filter>
199        </activity>
200
201        <meta-data
201-->[com.razorpay:checkout:1.6.19] AndroidManifest.xml:62:9-64:58
202            android:name="com.razorpay.plugin.googlepay_all"
202-->[com.razorpay:checkout:1.6.19] AndroidManifest.xml:63:13-61
203            android:value="com.razorpay.RzpGpayMerged" />
203-->[com.razorpay:checkout:1.6.19] AndroidManifest.xml:64:13-55
204
205        <property
205-->[com.google.android.gms:play-services-measurement-api:22.1.2] AndroidManifest.xml:30:9-32:61
206            android:name="android.adservices.AD_SERVICES_CONFIG"
206-->[com.google.android.gms:play-services-measurement-api:22.1.2] AndroidManifest.xml:31:13-65
207            android:resource="@xml/ga_ad_services_config" />
207-->[com.google.android.gms:play-services-measurement-api:22.1.2] AndroidManifest.xml:32:13-58
208
209        <provider
209-->[com.google.firebase:firebase-common:21.0.0] AndroidManifest.xml:23:9-28:39
210            android:name="com.google.firebase.provider.FirebaseInitProvider"
210-->[com.google.firebase:firebase-common:21.0.0] AndroidManifest.xml:24:13-77
211            android:authorities="com.example.foodorderapp.firebaseinitprovider"
211-->[com.google.firebase:firebase-common:21.0.0] AndroidManifest.xml:25:13-72
212            android:directBootAware="true"
212-->[com.google.firebase:firebase-common:21.0.0] AndroidManifest.xml:26:13-43
213            android:exported="false"
213-->[com.google.firebase:firebase-common:21.0.0] AndroidManifest.xml:27:13-37
214            android:initOrder="100" />
214-->[com.google.firebase:firebase-common:21.0.0] AndroidManifest.xml:28:13-36
215
216        <service
216-->[androidx.credentials:credentials-play-services-auth:1.2.0-rc01] AndroidManifest.xml:24:9-32:19
217            android:name="androidx.credentials.playservices.CredentialProviderMetadataHolder"
217-->[androidx.credentials:credentials-play-services-auth:1.2.0-rc01] AndroidManifest.xml:25:13-94
218            android:enabled="true"
218-->[androidx.credentials:credentials-play-services-auth:1.2.0-rc01] AndroidManifest.xml:26:13-35
219            android:exported="false" >
219-->[androidx.credentials:credentials-play-services-auth:1.2.0-rc01] AndroidManifest.xml:27:13-37
220            <meta-data
220-->[androidx.credentials:credentials-play-services-auth:1.2.0-rc01] AndroidManifest.xml:29:13-31:104
221                android:name="androidx.credentials.CREDENTIAL_PROVIDER_KEY"
221-->[androidx.credentials:credentials-play-services-auth:1.2.0-rc01] AndroidManifest.xml:30:17-76
222                android:value="androidx.credentials.playservices.CredentialProviderPlayServicesImpl" />
222-->[androidx.credentials:credentials-play-services-auth:1.2.0-rc01] AndroidManifest.xml:31:17-101
223        </service>
224
225        <activity
225-->[androidx.credentials:credentials-play-services-auth:1.2.0-rc01] AndroidManifest.xml:34:9-41:20
226            android:name="androidx.credentials.playservices.HiddenActivity"
226-->[androidx.credentials:credentials-play-services-auth:1.2.0-rc01] AndroidManifest.xml:35:13-76
227            android:configChanges="orientation|screenSize|screenLayout|keyboardHidden"
227-->[androidx.credentials:credentials-play-services-auth:1.2.0-rc01] AndroidManifest.xml:36:13-87
228            android:enabled="true"
228-->[androidx.credentials:credentials-play-services-auth:1.2.0-rc01] AndroidManifest.xml:37:13-35
229            android:exported="false"
229-->[androidx.credentials:credentials-play-services-auth:1.2.0-rc01] AndroidManifest.xml:38:13-37
230            android:fitsSystemWindows="true"
230-->[androidx.credentials:credentials-play-services-auth:1.2.0-rc01] AndroidManifest.xml:39:13-45
231            android:theme="@style/Theme.Hidden" >
231-->[androidx.credentials:credentials-play-services-auth:1.2.0-rc01] AndroidManifest.xml:40:13-48
232        </activity>
233        <activity
233-->[com.google.android.gms:play-services-auth:20.7.0] AndroidManifest.xml:23:9-27:75
234            android:name="com.google.android.gms.auth.api.signin.internal.SignInHubActivity"
234-->[com.google.android.gms:play-services-auth:20.7.0] AndroidManifest.xml:24:13-93
235            android:excludeFromRecents="true"
235-->[com.google.android.gms:play-services-auth:20.7.0] AndroidManifest.xml:25:13-46
236            android:exported="false"
236-->[com.google.android.gms:play-services-auth:20.7.0] AndroidManifest.xml:26:13-37
237            android:theme="@android:style/Theme.Translucent.NoTitleBar" />
237-->[com.google.android.gms:play-services-auth:20.7.0] AndroidManifest.xml:27:13-72
238        <!--
239            Service handling Google Sign-In user revocation. For apps that do not integrate with
240            Google Sign-In, this service will never be started.
241        -->
242        <service
242-->[com.google.android.gms:play-services-auth:20.7.0] AndroidManifest.xml:33:9-37:51
243            android:name="com.google.android.gms.auth.api.signin.RevocationBoundService"
243-->[com.google.android.gms:play-services-auth:20.7.0] AndroidManifest.xml:34:13-89
244            android:exported="true"
244-->[com.google.android.gms:play-services-auth:20.7.0] AndroidManifest.xml:35:13-36
245            android:permission="com.google.android.gms.auth.api.signin.permission.REVOCATION_NOTIFICATION"
245-->[com.google.android.gms:play-services-auth:20.7.0] AndroidManifest.xml:36:13-107
246            android:visibleToInstantApps="true" />
246-->[com.google.android.gms:play-services-auth:20.7.0] AndroidManifest.xml:37:13-48
247
248        <receiver
248-->[com.google.android.gms:play-services-measurement:22.1.2] AndroidManifest.xml:29:9-33:20
249            android:name="com.google.android.gms.measurement.AppMeasurementReceiver"
249-->[com.google.android.gms:play-services-measurement:22.1.2] AndroidManifest.xml:30:13-85
250            android:enabled="true"
250-->[com.google.android.gms:play-services-measurement:22.1.2] AndroidManifest.xml:31:13-35
251            android:exported="false" >
251-->[com.google.android.gms:play-services-measurement:22.1.2] AndroidManifest.xml:32:13-37
252        </receiver>
253
254        <service
254-->[com.google.android.gms:play-services-measurement:22.1.2] AndroidManifest.xml:35:9-38:40
255            android:name="com.google.android.gms.measurement.AppMeasurementService"
255-->[com.google.android.gms:play-services-measurement:22.1.2] AndroidManifest.xml:36:13-84
256            android:enabled="true"
256-->[com.google.android.gms:play-services-measurement:22.1.2] AndroidManifest.xml:37:13-35
257            android:exported="false" />
257-->[com.google.android.gms:play-services-measurement:22.1.2] AndroidManifest.xml:38:13-37
258        <service
258-->[com.google.android.gms:play-services-measurement:22.1.2] AndroidManifest.xml:39:9-43:72
259            android:name="com.google.android.gms.measurement.AppMeasurementJobService"
259-->[com.google.android.gms:play-services-measurement:22.1.2] AndroidManifest.xml:40:13-87
260            android:enabled="true"
260-->[com.google.android.gms:play-services-measurement:22.1.2] AndroidManifest.xml:41:13-35
261            android:exported="false"
261-->[com.google.android.gms:play-services-measurement:22.1.2] AndroidManifest.xml:42:13-37
262            android:permission="android.permission.BIND_JOB_SERVICE" />
262-->[com.google.android.gms:play-services-measurement:22.1.2] AndroidManifest.xml:43:13-69
263
264        <uses-library
264-->[androidx.privacysandbox.ads:ads-adservices:1.0.0-beta05] AndroidManifest.xml:23:9-25:40
265            android:name="android.ext.adservices"
265-->[androidx.privacysandbox.ads:ads-adservices:1.0.0-beta05] AndroidManifest.xml:24:13-50
266            android:required="false" />
266-->[androidx.privacysandbox.ads:ads-adservices:1.0.0-beta05] AndroidManifest.xml:25:13-37
267
268        <provider
268-->[androidx.emoji2:emoji2:1.3.0] AndroidManifest.xml:24:9-32:20
269            android:name="androidx.startup.InitializationProvider"
269-->[androidx.emoji2:emoji2:1.3.0] AndroidManifest.xml:25:13-67
270            android:authorities="com.example.foodorderapp.androidx-startup"
270-->[androidx.emoji2:emoji2:1.3.0] AndroidManifest.xml:26:13-68
271            android:exported="false" >
271-->[androidx.emoji2:emoji2:1.3.0] AndroidManifest.xml:27:13-37
272            <meta-data
272-->[androidx.emoji2:emoji2:1.3.0] AndroidManifest.xml:29:13-31:52
273                android:name="androidx.emoji2.text.EmojiCompatInitializer"
273-->[androidx.emoji2:emoji2:1.3.0] AndroidManifest.xml:30:17-75
274                android:value="androidx.startup" />
274-->[androidx.emoji2:emoji2:1.3.0] AndroidManifest.xml:31:17-49
275            <meta-data
275-->[androidx.lifecycle:lifecycle-process:2.6.2] AndroidManifest.xml:29:13-31:52
276                android:name="androidx.lifecycle.ProcessLifecycleInitializer"
276-->[androidx.lifecycle:lifecycle-process:2.6.2] AndroidManifest.xml:30:17-78
277                android:value="androidx.startup" />
277-->[androidx.lifecycle:lifecycle-process:2.6.2] AndroidManifest.xml:31:17-49
278            <meta-data